
@----------------------------------------------------------@
|        PLINK!       |     v1.07      |   10/Aug/2009     |
|----------------------------------------------------------|
|  (C) 2009 Shaun Purcell, GNU General Public License, v2  |
|----------------------------------------------------------|
|  For documentation, citation & bug-report instructions:  |
|        http://pngu.mgh.harvard.edu/purcell/plink/        |
@----------------------------------------------------------@

Skipping web check... [ --noweb ] 
Writing this text to log file [ Pr-03-22-6a.log ]
Analysis started: Wed Mar 22 20:43:34 2017

Options in effect:
	--file Pr-03-22
	--geno 0.35
	--recode
	--out Pr-03-22-6a
	--noweb

132119 (of 132119) markers to be included from [ Pr-03-22.map ]
Warning, found 132 individuals with ambiguous sex codes
Writing list of these individuals to [ Pr-03-22-6a.nosex ]
132 individuals read from [ Pr-03-22.ped ] 
0 individuals with nonmissing phenotypes
Assuming a disease phenotype (1=unaff, 2=aff, 0=miss)
Missing phenotype value is also -9
0 cases, 0 controls and 132 missing
0 males, 0 females, and 132 of unspecified sex
Before frequency and genotyping pruning, there are 132119 SNPs
132 founders and 0 non-founders found
Total genotyping rate in remaining individuals is 0.267904
129426 SNPs failed missingness test ( GENO > 0.35 )
0 SNPs failed frequency test ( MAF < 0 )
After frequency and genotyping pruning, there are 2693 SNPs
After filtering, 0 cases, 0 controls and 132 missing
After filtering, 0 males, 0 females, and 132 of unspecified sex
Writing recoded ped file to [ Pr-03-22-6a.ped ] 
Writing new map file to [ Pr-03-22-6a.map ] 

Analysis finished: Wed Mar 22 20:43:52 2017

