
@----------------------------------------------------------@
|        PLINK!       |     v1.07      |   10/Aug/2009     |
|----------------------------------------------------------|
|  (C) 2009 Shaun Purcell, GNU General Public License, v2  |
|----------------------------------------------------------|
|  For documentation, citation & bug-report instructions:  |
|        http://pngu.mgh.harvard.edu/purcell/plink/        |
@----------------------------------------------------------@

Skipping web check... [ --noweb ] 
Writing this text to log file [ Pr-03-22-6c.log ]
Analysis started: Wed Mar 22 21:48:50 2017

Options in effect:
	--file Pr-03-22-6b
	--maf 0.02
	--recode
	--out Pr-03-22-6c
	--noweb

2693 (of 2693) markers to be included from [ Pr-03-22-6b.map ]
Warning, found 102 individuals with ambiguous sex codes
Writing list of these individuals to [ Pr-03-22-6c.nosex ]
102 individuals read from [ Pr-03-22-6b.ped ] 
0 individuals with nonmissing phenotypes
Assuming a disease phenotype (1=unaff, 2=aff, 0=miss)
Missing phenotype value is also -9
0 cases, 0 controls and 102 missing
0 males, 0 females, and 102 of unspecified sex
Before frequency and genotyping pruning, there are 2693 SNPs
102 founders and 0 non-founders found
Total genotyping rate in remaining individuals is 0.816871
0 SNPs failed missingness test ( GENO > 1 )
1543 SNPs failed frequency test ( MAF < 0.02 )
After frequency and genotyping pruning, there are 1150 SNPs
After filtering, 0 cases, 0 controls and 102 missing
After filtering, 0 males, 0 females, and 102 of unspecified sex
Writing recoded ped file to [ Pr-03-22-6c.ped ] 
Writing new map file to [ Pr-03-22-6c.map ] 

Analysis finished: Wed Mar 22 21:48:51 2017

