populations -b 1 -P ./denovo-1-n2 -M ./popmap-Pseu-b.txt -t 36 -p 1 -r 0.5 -W Pr-whitelist --write_random_snp --structure --plink --vcf --genepop --fstats --phylip
populations version 1.26 executed 2017-04-17 17:24:33

# Distribution of population loci.
# Distribution of valid loci matched to catalog locus.
# Valid samples at locus	Count
86	3
87	6
88	16
89	27
90	25
91	39
92	64
93	74
94	79
95	95
96	122
97	106
98	119
99	84
100	64
101	63
102	36
103	39
104	24
105	19
106	13
107	9
108	2
109	4
110	6
111	3
112	2
113	1
114	1
116	1
117	1
119	1
121	2
# Distribution of confounded loci at catalog locus.
# Confounded samples at locus	Count
0	1057
1	60
2	9
3	7
4	6
5	4
7	3
8	2
9	1
10	1
# Distribution of missing loci at catalog loci.
# Absent samples at locus	Count
0	1057
1	60
2	9
3	7
4	6
5	4
7	3
8	2
9	1
10	1
# Distribution of population loci after applying locus constraints.
# Distribution of valid loci matched to catalog locus.
# Valid samples at locus	Count
86	33
87	59
88	83
89	83
90	73
91	78
92	90
93	73
94	62
95	62
96	61
97	62
98	67
99	57
100	35
101	37
102	25
103	30
104	21
105	17
106	10
107	8
108	2
109	4
110	6
111	3
112	2
113	1
114	1
116	1
117	1
119	1
121	2
# Distribution of confounded loci at catalog locus.
# Confounded samples at locus	Count
0	1057
1	60
2	9
3	7
4	6
5	4
7	3
8	2
9	1
10	1
# Distribution of missing loci at catalog loci.
# Absent samples at locus	Count
0	667
1	40
2	12
3	12
4	16
5	40
6	78
7	118
8	69
9	90
10	6
12	1
16	1
Population 1 contained 13 incompatible loci.
Population 2 contained 1 incompatible loci.
Population 3 contained 2 incompatible loci.
Population 4 contained 0 incompatible loci.
Population 5 contained 0 incompatible loci.
Population 6 contained 0 incompatible loci.
Population 7 contained 1 incompatible loci.
Population 1 contained 0 incompatible loci.
Population 2 contained 0 incompatible loci.
Population 3 contained 1 incompatible loci.
Population 4 contained 0 incompatible loci.
Population 5 contained 0 incompatible loci.
Population 6 contained 0 incompatible loci.
Population 7 contained 0 incompatible loci.
between_population	incompatible_locus	45160	un	61863	92	1	2
between_population	incompatible_locus	71216	un	99275	94	1	3
between_population	incompatible_locus	19959	un	27586	35	1	7
between_population	incompatible_locus	71216	un	99275	94	1	7
between_population	incompatible_locus	45160	un	61863	92	2	4
between_population	incompatible_locus	45160	un	61863	92	2	5
between_population	incompatible_locus	45160	un	61863	92	2	6
between_population	incompatible_locus	45160	un	61863	92	2	7
between_population	incompatible_locus	71216	un	99275	94	3	4
between_population	incompatible_locus	71216	un	99275	94	3	5
between_population	incompatible_locus	71216	un	99275	94	4	7
between_population	incompatible_locus	71216	un	99275	94	5	7
