populations -b 1 -P ./denovo-1-n2/ -M ./popmap_Xari.txt -t 36 -p 1 -r 0.5 -W ./denovo-1-n2/Xr-whitelist --write_random_snp --phylip --structure --plink --vcf --genepop --fstats
populations version 1.26 executed 2017-04-17 16:32:15

# Distribution of population loci.
# Distribution of valid loci matched to catalog locus.
# Valid samples at locus	Count
85	12
86	29
87	40
88	47
89	35
90	46
91	52
92	55
93	63
94	66
95	79
96	78
97	80
98	81
99	68
100	74
101	58
102	52
103	38
104	23
105	9
106	13
107	5
108	3
109	5
110	4
111	1
112	2
# Distribution of confounded loci at catalog locus.
# Confounded samples at locus	Count
0	1050
1	57
2	7
3	3
4	1
# Distribution of missing loci at catalog loci.
# Absent samples at locus	Count
0	1050
1	57
2	7
3	3
4	1
# Distribution of population loci after applying locus constraints.
# Distribution of valid loci matched to catalog locus.
# Valid samples at locus	Count
85	44
86	85
87	98
88	126
89	99
90	99
91	105
92	77
93	76
94	55
95	37
96	27
97	26
98	23
99	22
100	22
101	21
102	20
103	13
104	11
105	6
106	8
107	3
108	3
109	5
110	4
111	1
112	2
# Distribution of confounded loci at catalog locus.
# Confounded samples at locus	Count
0	1050
1	57
2	7
3	3
4	1
# Distribution of missing loci at catalog loci.
# Absent samples at locus	Count
0	489
1	37
2	13
3	9
4	25
5	36
6	85
7	103
8	106
9	115
10	93
11	3
12	1
16	3
Population 1 contained 1 incompatible loci.
Population 2 contained 2 incompatible loci.
Population 3 contained 1 incompatible loci.
Population 4 contained 0 incompatible loci.
Population 5 contained 1 incompatible loci.
Population 6 contained 0 incompatible loci.
Population 7 contained 2 incompatible loci.
Population 1 contained 0 incompatible loci.
Population 2 contained 0 incompatible loci.
Population 3 contained 0 incompatible loci.
Population 4 contained 0 incompatible loci.
Population 5 contained 0 incompatible loci.
Population 6 contained 0 incompatible loci.
Population 7 contained 0 incompatible loci.
between_population	incompatible_locus	28481	un	29344	53	3	5
between_population	incompatible_locus	28481	un	29344	53	3	6
between_population	incompatible_locus	55813	un	57640	74	3	6
between_population	incompatible_locus	85717	un	90220	29	3	7
between_population	incompatible_locus	28481	un	29344	53	4	5
between_population	incompatible_locus	28481	un	29344	53	4	6
between_population	incompatible_locus	102189	un	123634	93	4	7
